<?xml version="1.0" encoding="UTF-8"?>
<!-- Generated by org.testng.reporters.JUnitXMLReporter -->
<testsuite hostname="Neha-PC" failures="0" tests="1" name="Default test" time="0.09" errors="0" timestamp="13 Feb 2020 20:54:05 GMT">
  <testcase classname="org.totalqa.com.CompleteRegistrationForm" name="@BeforeClass invokebrowser" time="0.0">
    <failure type="org.testng.TestNGException" message="
Parameter &amp;apos;browser type&amp;apos; is required by @Configuration on method invokebrowser but has not been marked @Optional or defined
in C:\Users\Neha\AppData\Local\Temp\testng-eclipse--2003446020\testng-customsuite.xml">
      <![CDATA[org.testng.TestNGException: 
Parameter 'browser type' is required by @Configuration on method invokebrowser but has not been marked @Optional or defined
in C:\Users\Neha\AppData\Local\Temp\testng-eclipse--2003446020\testng-customsuite.xml
	at org.testng.internal.Parameters.createParameters(Parameters.java:155)
	at org.testng.internal.Parameters.createParameters(Parameters.java:355)
	at org.testng.internal.Parameters.createConfigurationParameters(Parameters.java:86)
	at org.testng.internal.Invoker.invokeConfigurations(Invoker.java:199)
	at org.testng.internal.Invoker.invokeConfigurations(Invoker.java:138)
	at org.testng.internal.TestMethodWorker.invokeBeforeClassMethods(TestMethodWorker.java:175)
	at org.testng.internal.TestMethodWorker.run(TestMethodWorker.java:107)
	at org.testng.TestRunner.privateRun(TestRunner.java:767)
	at org.testng.TestRunner.run(TestRunner.java:617)
	at org.testng.SuiteRunner.runTest(SuiteRunner.java:334)
	at org.testng.SuiteRunner.runSequentially(SuiteRunner.java:329)
	at org.testng.SuiteRunner.privateRun(SuiteRunner.java:291)
	at org.testng.SuiteRunner.run(SuiteRunner.java:240)
	at org.testng.SuiteRunnerWorker.runSuite(SuiteRunnerWorker.java:52)
	at org.testng.SuiteRunnerWorker.run(SuiteRunnerWorker.java:86)
	at org.testng.TestNG.runSuitesSequentially(TestNG.java:1198)
	at org.testng.TestNG.runSuitesLocally(TestNG.java:1123)
	at org.testng.TestNG.run(TestNG.java:1031)
	at org.testng.remote.RemoteTestNG.run(RemoteTestNG.java:115)
	at org.testng.remote.RemoteTestNG.initAndRun(RemoteTestNG.java:207)
	at org.testng.remote.RemoteTestNG.main(RemoteTestNG.java:178)
]]>
    </failure>
  </testcase> <!-- @BeforeClass invokebrowser -->
  <testcase classname="org.totalqa.com.CompleteRegistrationForm" name="registrationForm" time="0.008">
    <skipped/>
  </testcase> <!-- registrationForm -->
</testsuite> <!-- Default test -->
