<?xml version="1.0" encoding="UTF-8"?>
<!-- Generated by org.testng.reporters.JUnitXMLReporter -->
<testsuite hostname="Neha-PC" failures="0" tests="3" name="Default test" time="0.081" errors="0" timestamp="1 Aug 2019 18:42:06 GMT">
  <testcase classname="org.h2k.openmrs.tests.HomePageForMRSTest" name="@BeforeClass invokeBrowser" time="0.0">
    <failure type="org.testng.TestNGException" message="
Parameter &amp;apos;browserType&amp;apos; is required by @Configuration on method invokeBrowser but has not been marked @Optional or defined
in C:\Users\Neha\AppData\Local\Temp\testng-eclipse-466547515\testng-customsuite.xml">
      <![CDATA[org.testng.TestNGException: 
Parameter 'browserType' is required by @Configuration on method invokeBrowser but has not been marked @Optional or defined
in C:\Users\Neha\AppData\Local\Temp\testng-eclipse-466547515\testng-customsuite.xml
	at org.testng.internal.Parameters.createParameters(Parameters.java:155)
	at org.testng.internal.Parameters.createParameters(Parameters.java:355)
	at org.testng.internal.Parameters.createConfigurationParameters(Parameters.java:86)
	at org.testng.internal.Invoker.invokeConfigurations(Invoker.java:199)
	at org.testng.internal.Invoker.invokeConfigurations(Invoker.java:138)
	at org.testng.internal.TestMethodWorker.invokeBeforeClassMethods(TestMethodWorker.java:175)
	at org.testng.internal.TestMethodWorker.run(TestMethodWorker.java:107)
	at org.testng.TestRunner.privateRun(TestRunner.java:767)
	at org.testng.TestRunner.run(TestRunner.java:617)
	at org.testng.SuiteRunner.runTest(SuiteRunner.java:334)
	at org.testng.SuiteRunner.runSequentially(SuiteRunner.java:329)
	at org.testng.SuiteRunner.privateRun(SuiteRunner.java:291)
	at org.testng.SuiteRunner.run(SuiteRunner.java:240)
	at org.testng.SuiteRunnerWorker.runSuite(SuiteRunnerWorker.java:52)
	at org.testng.SuiteRunnerWorker.run(SuiteRunnerWorker.java:86)
	at org.testng.TestNG.runSuitesSequentially(TestNG.java:1198)
	at org.testng.TestNG.runSuitesLocally(TestNG.java:1123)
	at org.testng.TestNG.run(TestNG.java:1031)
	at org.testng.remote.RemoteTestNG.run(RemoteTestNG.java:115)
	at org.testng.remote.RemoteTestNG.initAndRun(RemoteTestNG.java:207)
	at org.testng.remote.RemoteTestNG.main(RemoteTestNG.java:178)
]]>
    </failure>
  </testcase> <!-- @BeforeClass invokeBrowser -->
  <testcase classname="org.h2k.openmrs.tests.HomePageForMRSTest" name="FindPatientRecord" time="0.016">
    <skipped/>
  </testcase> <!-- FindPatientRecord -->
  <testcase classname="org.h2k.openmrs.tests.HomePageForMRSTest" name="VerifyFindPatient" time="0.001">
    <skipped/>
  </testcase> <!-- VerifyFindPatient -->
  <testcase classname="org.h2k.openmrs.tests.HomePageForMRSTest" name="invokeBrowser" time="0.001">
    <skipped/>
  </testcase> <!-- invokeBrowser -->
</testsuite> <!-- Default test -->
