<?xml version="1.0" encoding="UTF-8"?>
<testng-results total="1" passed="0" failed="0" skipped="1">
  <reporter-output>
  </reporter-output>
  <suite started-at="2019-08-29T09:54:25Z" name="Default suite" finished-at="2019-08-29T09:54:54Z" duration-ms="29332">
    <groups>
    </groups>
    <test started-at="2019-08-29T09:54:25Z" name="Default test" finished-at="2019-08-29T09:54:54Z" duration-ms="29332">
      <class name="com.mrs.qa.testcases.OpenmrsHomePageTest">
        <test-method is-config="true" signature="setup()[pri:0, instance:com.mrs.qa.testcases.OpenmrsHomePageTest@2ef3eef9]" started-at="2019-08-29T05:54:25Z" name="setup" finished-at="2019-08-29T05:54:25Z" duration-ms="0" status="FAIL">
          <exception class="java.lang.AssertionError">
            <message>
              <![CDATA[title not matched expected [Home] but found [com.mrs.qa.pages.OpenmrsHomePage@7651218e]]]>
            </message>
            <full-stacktrace>
              <![CDATA[java.lang.AssertionError: title not matched expected [Home] but found [com.mrs.qa.pages.OpenmrsHomePage@7651218e]
	at org.testng.Assert.fail(Assert.java:94)
	at org.testng.Assert.failNotEquals(Assert.java:494)
	at org.testng.Assert.assertEquals(Assert.java:123)
	at com.mrs.qa.testcases.OpenmrsHomePageTest.setup(OpenmrsHomePageTest.java:49)
	at java.base/jdk.internal.reflect.NativeMethodAccessorImpl.invoke0(Native Method)
	at java.base/jdk.internal.reflect.NativeMethodAccessorImpl.invoke(Unknown Source)
	at java.base/jdk.internal.reflect.DelegatingMethodAccessorImpl.invoke(Unknown Source)
	at java.base/java.lang.reflect.Method.invoke(Unknown Source)
	at org.testng.internal.MethodInvocationHelper.invokeMethod(MethodInvocationHelper.java:80)
	at org.testng.internal.Invoker.invokeConfigurationMethod(Invoker.java:564)
	at org.testng.internal.Invoker.invokeConfigurations(Invoker.java:213)
	at org.testng.internal.Invoker.invokeMethod(Invoker.java:653)
	at org.testng.internal.Invoker.invokeTestMethod(Invoker.java:901)
	at org.testng.internal.Invoker.invokeTestMethods(Invoker.java:1231)
	at org.testng.internal.TestMethodWorker.invokeTestMethods(TestMethodWorker.java:127)
	at org.testng.internal.TestMethodWorker.run(TestMethodWorker.java:111)
	at org.testng.TestRunner.privateRun(TestRunner.java:767)
	at org.testng.TestRunner.run(TestRunner.java:617)
	at org.testng.SuiteRunner.runTest(SuiteRunner.java:334)
	at org.testng.SuiteRunner.runSequentially(SuiteRunner.java:329)
	at org.testng.SuiteRunner.privateRun(SuiteRunner.java:291)
	at org.testng.SuiteRunner.run(SuiteRunner.java:240)
	at org.testng.SuiteRunnerWorker.runSuite(SuiteRunnerWorker.java:52)
	at org.testng.SuiteRunnerWorker.run(SuiteRunnerWorker.java:86)
	at org.testng.TestNG.runSuitesSequentially(TestNG.java:1198)
	at org.testng.TestNG.runSuitesLocally(TestNG.java:1123)
	at org.testng.TestNG.run(TestNG.java:1031)
	at org.testng.remote.RemoteTestNG.run(RemoteTestNG.java:115)
	at org.testng.remote.RemoteTestNG.initAndRun(RemoteTestNG.java:207)
	at org.testng.remote.RemoteTestNG.main(RemoteTestNG.java:178)
]]>
            </full-stacktrace>
          </exception> <!-- java.lang.AssertionError -->
          <reporter-output>
          </reporter-output>
        </test-method> <!-- setup -->
        <test-method signature="ClickonFindPatientRecordbtnTest()[pri:0, instance:com.mrs.qa.testcases.OpenmrsHomePageTest@2ef3eef9]" started-at="2019-08-29T05:54:54Z" name="ClickonFindPatientRecordbtnTest" finished-at="2019-08-29T05:54:54Z" duration-ms="1" status="SKIP">
          <reporter-output>
          </reporter-output>
        </test-method> <!-- ClickonFindPatientRecordbtnTest -->
        <test-method is-config="true" signature="teardown()[pri:0, instance:com.mrs.qa.testcases.OpenmrsHomePageTest@2ef3eef9]" started-at="2019-08-29T05:54:54Z" name="teardown" finished-at="2019-08-29T05:54:54Z" duration-ms="0" status="SKIP">
          <reporter-output>
          </reporter-output>
        </test-method> <!-- teardown -->
      </class> <!-- com.mrs.qa.testcases.OpenmrsHomePageTest -->
    </test> <!-- Default test -->
  </suite> <!-- Default suite -->
</testng-results>
